<?xml version="1.0" encoding="UTF-8"?>
<!-- Generated by org.testng.reporters.JUnitReportReporter -->
<testsuite skipped="0" hostname="DESKTOP-TSL53AG" name="test.NSS_TodoTest" tests="2" failures="0" timestamp="18 Sep 2019 01:43:46 GMT" time="16.421" errors="0">
  <testcase name="UserShouldBeAbleToAddCategory" time="8.336" classname="test.NSS_TodoTest"/>
  <testcase name="UserShouldNotBeAbleToAddDublicteCategory" time="8.085" classname="test.NSS_TodoTest"/>
</testsuite> <!-- test.NSS_TodoTest -->
